[ 2024-10-29 07:23:23,783 ] asyncio - DEBUG - Using proactor: IocpProactor
[ 2024-10-29 07:25:26,175 ] python_multipart.multipart - DEBUG - Calling on_field_start with no data
[ 2024-10-29 07:25:26,175 ] python_multipart.multipart - DEBUG - Calling on_field_name with data[0:9]
[ 2024-10-29 07:25:26,175 ] python_multipart.multipart - DEBUG - Calling on_field_data with data[10:14]
[ 2024-10-29 07:25:26,175 ] python_multipart.multipart - DEBUG - Calling on_field_end with no data
[ 2024-10-29 07:25:26,176 ] python_multipart.multipart - DEBUG - Calling on_field_start with no data
[ 2024-10-29 07:25:26,176 ] python_multipart.multipart - DEBUG - Calling on_field_name with data[15:36]
[ 2024-10-29 07:25:26,176 ] python_multipart.multipart - DEBUG - Calling on_field_data with data[37:47]
[ 2024-10-29 07:25:26,176 ] python_multipart.multipart - DEBUG - Calling on_field_end with no data
[ 2024-10-29 07:25:26,176 ] python_multipart.multipart - DEBUG - Calling on_field_start with no data
[ 2024-10-29 07:25:26,176 ] python_multipart.multipart - DEBUG - Calling on_field_name with data[48:66]
[ 2024-10-29 07:25:26,177 ] python_multipart.multipart - DEBUG - Calling on_field_data with data[67:68]
[ 2024-10-29 07:25:26,177 ] python_multipart.multipart - DEBUG - Calling on_field_end with no data
[ 2024-10-29 07:25:26,177 ] python_multipart.multipart - DEBUG - Calling on_field_start with no data
[ 2024-10-29 07:25:26,177 ] python_multipart.multipart - DEBUG - Calling on_field_name with data[69:90]
[ 2024-10-29 07:25:26,177 ] python_multipart.multipart - DEBUG - Calling on_field_data with data[91:92]
[ 2024-10-29 07:25:26,177 ] python_multipart.multipart - DEBUG - Calling on_field_end with no data
[ 2024-10-29 07:25:26,177 ] python_multipart.multipart - DEBUG - Calling on_field_start with no data
[ 2024-10-29 07:25:26,177 ] python_multipart.multipart - DEBUG - Calling on_field_name with data[93:108]
[ 2024-10-29 07:25:26,177 ] python_multipart.multipart - DEBUG - Calling on_field_data with data[109:114]
[ 2024-10-29 07:25:26,177 ] python_multipart.multipart - DEBUG - Calling on_field_end with no data
[ 2024-10-29 07:25:26,177 ] python_multipart.multipart - DEBUG - Calling on_field_start with no data
[ 2024-10-29 07:25:26,178 ] python_multipart.multipart - DEBUG - Calling on_field_name with data[115:135]
[ 2024-10-29 07:25:26,178 ] python_multipart.multipart - DEBUG - Calling on_field_data with data[136:140]
[ 2024-10-29 07:25:26,178 ] python_multipart.multipart - DEBUG - Calling on_field_end with no data
[ 2024-10-29 07:25:26,178 ] python_multipart.multipart - DEBUG - Calling on_field_start with no data
[ 2024-10-29 07:25:26,178 ] python_multipart.multipart - DEBUG - Calling on_field_name with data[141:156]
[ 2024-10-29 07:25:26,178 ] python_multipart.multipart - DEBUG - Calling on_field_data with data[157:160]
[ 2024-10-29 07:25:26,178 ] python_multipart.multipart - DEBUG - Calling on_field_end with no data
[ 2024-10-29 07:25:26,178 ] python_multipart.multipart - DEBUG - Calling on_field_start with no data
[ 2024-10-29 07:25:26,178 ] python_multipart.multipart - DEBUG - Calling on_field_name with data[161:173]
[ 2024-10-29 07:25:26,178 ] python_multipart.multipart - DEBUG - Calling on_field_data with data[174:178]
[ 2024-10-29 07:25:26,178 ] python_multipart.multipart - DEBUG - Calling on_field_end with no data
[ 2024-10-29 07:25:26,178 ] python_multipart.multipart - DEBUG - Calling on_field_start with no data
[ 2024-10-29 07:25:26,179 ] python_multipart.multipart - DEBUG - Calling on_field_name with data[179:197]
[ 2024-10-29 07:25:26,179 ] python_multipart.multipart - DEBUG - Calling on_field_data with data[198:199]
[ 2024-10-29 07:25:26,179 ] python_multipart.multipart - DEBUG - Calling on_field_end with no data
[ 2024-10-29 07:25:26,179 ] python_multipart.multipart - DEBUG - Calling on_field_start with no data
[ 2024-10-29 07:25:26,179 ] python_multipart.multipart - DEBUG - Calling on_field_name with data[200:211]
[ 2024-10-29 07:25:26,179 ] python_multipart.multipart - DEBUG - Calling on_field_data with data[212:214]
[ 2024-10-29 07:25:26,179 ] python_multipart.multipart - DEBUG - Calling on_field_end with no data
[ 2024-10-29 07:25:26,180 ] python_multipart.multipart - DEBUG - Calling on_end with no data
[ 2024-10-29 07:25:26,180 ] root - INFO - Entered get_usvisa_data_as_dict method as USvisaData class
[ 2024-10-29 07:25:26,180 ] root - INFO - Created usvisa data dict
[ 2024-10-29 07:25:26,180 ] root - INFO - Exited get_usvisa_data_as_dict method as USvisaData class
[ 2024-10-29 07:25:26,181 ] root - INFO - Entered predict method of USvisaClassifier class
[ 2024-10-29 07:25:26,183 ] botocore.hooks - DEBUG - Changing event name from creating-client-class.iot-data to creating-client-class.iot-data-plane
[ 2024-10-29 07:25:26,186 ] botocore.hooks - DEBUG - Changing event name from before-call.apigateway to before-call.api-gateway
[ 2024-10-29 07:25:26,187 ] botocore.hooks - DEBUG - Changing event name from request-created.machinelearning.Predict to request-created.machine-learning.Predict
[ 2024-10-29 07:25:26,190 ] botocore.hooks - DEBUG - Changing event name from before-parameter-build.autoscaling.CreateLaunchConfiguration to before-parameter-build.auto-scaling.CreateLaunchConfiguration
[ 2024-10-29 07:25:26,190 ] botocore.hooks - DEBUG - Changing event name from before-parameter-build.route53 to before-parameter-build.route-53
[ 2024-10-29 07:25:26,191 ] botocore.hooks - DEBUG - Changing event name from request-created.cloudsearchdomain.Search to request-created.cloudsearch-domain.Search
[ 2024-10-29 07:25:26,192 ] botocore.hooks - DEBUG - Changing event name from docs.*.autoscaling.CreateLaunchConfiguration.complete-section to docs.*.auto-scaling.CreateLaunchConfiguration.complete-section
[ 2024-10-29 07:25:26,196 ] botocore.hooks - DEBUG - Changing event name from before-parameter-build.logs.CreateExportTask to before-parameter-build.cloudwatch-logs.CreateExportTask
[ 2024-10-29 07:25:26,196 ] botocore.hooks - DEBUG - Changing event name from docs.*.logs.CreateExportTask.complete-section to docs.*.cloudwatch-logs.CreateExportTask.complete-section
[ 2024-10-29 07:25:26,196 ] botocore.hooks - DEBUG - Changing event name from before-parameter-build.cloudsearchdomain.Search to before-parameter-build.cloudsearch-domain.Search
[ 2024-10-29 07:25:26,196 ] botocore.hooks - DEBUG - Changing event name from docs.*.cloudsearchdomain.Search.complete-section to docs.*.cloudsearch-domain.Search.complete-section
[ 2024-10-29 07:25:26,297 ] botocore.loaders - DEBUG - Loading JSON file: C:\Users\Personal\.conda\envs\us_visa\lib\site-packages\boto3\data\s3\2006-03-01\resources-1.json
[ 2024-10-29 07:25:26,301 ] botocore.loaders - DEBUG - Loading JSON file: C:\Users\Personal\.conda\envs\us_visa\lib\site-packages\botocore\data\endpoints.json
[ 2024-10-29 07:25:26,321 ] botocore.loaders - DEBUG - Loading JSON file: C:\Users\Personal\.conda\envs\us_visa\lib\site-packages\botocore\data\sdk-default-configuration.json
[ 2024-10-29 07:25:26,321 ] botocore.hooks - DEBUG - Event choose-service-name: calling handler <function handle_service_name_alias at 0x000001C66BE42790>
[ 2024-10-29 07:25:26,432 ] botocore.loaders - DEBUG - Loading JSON file: C:\Users\Personal\.conda\envs\us_visa\lib\site-packages\botocore\data\s3\2006-03-01\service-2.json.gz
[ 2024-10-29 07:25:26,444 ] botocore.loaders - DEBUG - Loading JSON file: C:\Users\Personal\.conda\envs\us_visa\lib\site-packages\botocore\data\s3\2006-03-01\service-2.sdk-extras.json
[ 2024-10-29 07:25:26,552 ] botocore.loaders - DEBUG - Loading JSON file: C:\Users\Personal\.conda\envs\us_visa\lib\site-packages\botocore\data\s3\2006-03-01\endpoint-rule-set-1.json.gz
[ 2024-10-29 07:25:26,557 ] botocore.loaders - DEBUG - Loading JSON file: C:\Users\Personal\.conda\envs\us_visa\lib\site-packages\botocore\data\partitions.json
[ 2024-10-29 07:25:26,560 ] botocore.hooks - DEBUG - Event creating-client-class.s3: calling handler <function add_generate_presigned_post at 0x000001C66BDB2430>
[ 2024-10-29 07:25:26,560 ] botocore.hooks - DEBUG - Event creating-client-class.s3: calling handler <function lazy_call.<locals>._handler at 0x000001C67629E790>
[ 2024-10-29 07:25:26,562 ] botocore.hooks - DEBUG - Event creating-client-class.s3: calling handler <function add_generate_presigned_url at 0x000001C66BDB21F0>
[ 2024-10-29 07:25:26,562 ] botocore.configprovider - DEBUG - Looking for endpoint for s3 via: environment_service
[ 2024-10-29 07:25:26,562 ] botocore.configprovider - DEBUG - Looking for endpoint for s3 via: environment_global
[ 2024-10-29 07:25:26,563 ] botocore.configprovider - DEBUG - Looking for endpoint for s3 via: config_service
[ 2024-10-29 07:25:26,563 ] botocore.configprovider - DEBUG - Looking for endpoint for s3 via: config_global
[ 2024-10-29 07:25:26,563 ] botocore.configprovider - DEBUG - No configured endpoint found.
[ 2024-10-29 07:25:26,566 ] botocore.endpoint - DEBUG - Setting s3 timeout as (60, 60)
[ 2024-10-29 07:25:26,572 ] botocore.loaders - DEBUG - Loading JSON file: C:\Users\Personal\.conda\envs\us_visa\lib\site-packages\botocore\data\_retry.json
[ 2024-10-29 07:25:26,573 ] botocore.client - DEBUG - Registering retry handlers for service: s3
[ 2024-10-29 07:25:26,573 ] botocore.utils - DEBUG - Registering S3 region redirector handler
[ 2024-10-29 07:25:26,574 ] botocore.utils - DEBUG - Registering S3Express Identity Resolver
[ 2024-10-29 07:25:26,574 ] boto3.resources.factory - DEBUG - Loading s3:s3
[ 2024-10-29 07:25:26,576 ] botocore.hooks - DEBUG - Event choose-service-name: calling handler <function handle_service_name_alias at 0x000001C66BE42790>
[ 2024-10-29 07:25:26,579 ] botocore.hooks - DEBUG - Event creating-client-class.s3: calling handler <function add_generate_presigned_post at 0x000001C66BDB2430>
[ 2024-10-29 07:25:26,579 ] botocore.hooks - DEBUG - Event creating-client-class.s3: calling handler <function lazy_call.<locals>._handler at 0x000001C67629E790>
[ 2024-10-29 07:25:26,579 ] botocore.hooks - DEBUG - Event creating-client-class.s3: calling handler <function add_generate_presigned_url at 0x000001C66BDB21F0>
[ 2024-10-29 07:25:26,580 ] botocore.configprovider - DEBUG - Looking for endpoint for s3 via: environment_service
[ 2024-10-29 07:25:26,580 ] botocore.configprovider - DEBUG - Looking for endpoint for s3 via: environment_global
[ 2024-10-29 07:25:26,580 ] botocore.configprovider - DEBUG - Looking for endpoint for s3 via: config_service
[ 2024-10-29 07:25:26,580 ] botocore.configprovider - DEBUG - Looking for endpoint for s3 via: config_global
[ 2024-10-29 07:25:26,580 ] botocore.configprovider - DEBUG - No configured endpoint found.
[ 2024-10-29 07:25:26,583 ] botocore.endpoint - DEBUG - Setting s3 timeout as (60, 60)
[ 2024-10-29 07:25:26,585 ] botocore.client - DEBUG - Registering retry handlers for service: s3
[ 2024-10-29 07:25:26,586 ] botocore.utils - DEBUG - Registering S3 region redirector handler
[ 2024-10-29 07:25:26,586 ] botocore.utils - DEBUG - Registering S3Express Identity Resolver
[ 2024-10-29 07:25:26,587 ] root - INFO - Entered the load_model method of S3Operations class
[ 2024-10-29 07:25:26,587 ] root - INFO - Entered the get_file_object method of S3Operations class
[ 2024-10-29 07:25:26,587 ] root - INFO - Entered the get_bucket method of S3Operations class
[ 2024-10-29 07:25:26,587 ] boto3.resources.factory - DEBUG - Loading s3:Bucket
[ 2024-10-29 07:25:26,587 ] boto3.resources.model - DEBUG - Renaming Bucket attribute name
[ 2024-10-29 07:25:26,588 ] botocore.hooks - DEBUG - Event creating-resource-class.s3.Bucket: calling handler <function lazy_call.<locals>._handler at 0x000001C6762B3B80>
[ 2024-10-29 07:25:26,589 ] root - INFO - Exited the get_bucket method of S3Operations class
[ 2024-10-29 07:25:26,680 ] botocore.loaders - DEBUG - Loading JSON file: C:\Users\Personal\.conda\envs\us_visa\lib\site-packages\botocore\data\s3\2006-03-01\paginators-1.json
[ 2024-10-29 07:25:26,680 ] botocore.loaders - DEBUG - Loading JSON file: C:\Users\Personal\.conda\envs\us_visa\lib\site-packages\botocore\data\s3\2006-03-01\paginators-1.sdk-extras.json
[ 2024-10-29 07:25:26,681 ] boto3.resources.collection - DEBUG - Calling paginated s3:list_objects with {'Bucket': 'usvisa-model200', 'Prefix': 'model.pkl'}
[ 2024-10-29 07:25:26,682 ] botocore.hooks - DEBUG - Event before-parameter-build.s3.ListObjects: calling handler <function set_list_objects_encoding_type_url at 0x000001C66CE33280>
[ 2024-10-29 07:25:26,682 ] botocore.hooks - DEBUG - Event before-parameter-build.s3.ListObjects: calling handler <function validate_bucket_name at 0x000001C66BE5DF70>
[ 2024-10-29 07:25:26,682 ] botocore.hooks - DEBUG - Event before-parameter-build.s3.ListObjects: calling handler <function remove_bucket_from_url_paths_from_model at 0x000001C66CE33E50>
[ 2024-10-29 07:25:26,682 ] botocore.hooks - DEBUG - Event before-parameter-build.s3.ListObjects: calling handler <bound method S3RegionRedirectorv2.annotate_request_context of <botocore.utils.S3RegionRedirectorv2 object at 0x000001C676D57460>>
[ 2024-10-29 07:25:26,682 ] botocore.hooks - DEBUG - Event before-parameter-build.s3.ListObjects: calling handler <bound method ClientCreator._inject_s3_input_parameters of <botocore.client.ClientCreator object at 0x000001C6762B60A0>>
[ 2024-10-29 07:25:26,682 ] botocore.hooks - DEBUG - Event before-parameter-build.s3.ListObjects: calling handler <function generate_idempotent_uuid at 0x000001C66BE5DDC0>
[ 2024-10-29 07:25:26,682 ] botocore.hooks - DEBUG - Event before-endpoint-resolution.s3: calling handler <function customize_endpoint_resolver_builtins at 0x000001C66CE37040>
[ 2024-10-29 07:25:26,682 ] botocore.hooks - DEBUG - Event before-endpoint-resolution.s3: calling handler <bound method S3RegionRedirectorv2.redirect_from_cache of <botocore.utils.S3RegionRedirectorv2 object at 0x000001C676D57460>>
[ 2024-10-29 07:25:26,684 ] botocore.regions - DEBUG - Calling endpoint provider with parameters: {'Bucket': 'usvisa-model200', 'Region': 'us-east-1', 'UseFIPS': False, 'UseDualStack': False, 'ForcePathStyle': False, 'Accelerate': False, 'UseGlobalEndpoint': True, 'Prefix': 'model.pkl', 'DisableMultiRegionAccessPoints': False, 'UseArnRegion': True}
[ 2024-10-29 07:25:26,685 ] botocore.regions - DEBUG - Endpoint provider result: https://usvisa-model200.s3.amazonaws.com
[ 2024-10-29 07:25:26,685 ] botocore.regions - DEBUG - Selecting from endpoint provider's list of auth schemes: "sigv4". User selected auth scheme is: "None"
[ 2024-10-29 07:25:26,685 ] botocore.regions - DEBUG - Selected auth type "v4" as "v4" with signing context params: {'region': 'us-east-1', 'signing_name': 's3', 'disableDoubleEncoding': True}
[ 2024-10-29 07:25:26,686 ] botocore.hooks - DEBUG - Event before-call.s3.ListObjects: calling handler <function add_expect_header at 0x000001C66BE5F310>
[ 2024-10-29 07:25:26,686 ] botocore.hooks - DEBUG - Event before-call.s3.ListObjects: calling handler <bound method S3ExpressIdentityResolver.apply_signing_cache_key of <botocore.utils.S3ExpressIdentityResolver object at 0x000001C676D57520>>
[ 2024-10-29 07:25:26,686 ] botocore.hooks - DEBUG - Event before-call.s3.ListObjects: calling handler <function add_recursion_detection_header at 0x000001C66BE5D9D0>
[ 2024-10-29 07:25:26,686 ] botocore.hooks - DEBUG - Event before-call.s3.ListObjects: calling handler <function inject_api_version_header_if_needed at 0x000001C66CE33670>
[ 2024-10-29 07:25:26,686 ] botocore.endpoint - DEBUG - Making request for OperationModel(name=ListObjects) with params: {'url_path': '', 'query_string': {'prefix': 'model.pkl', 'encoding-type': 'url'}, 'method': 'GET', 'headers': {'User-Agent': 'Boto3/1.35.49 md/Botocore#1.35.49 ua/2.0 os/windows#10 md/arch#amd64 lang/python#3.8.20 md/pyimpl#CPython cfg/retry-mode#legacy Botocore/1.35.49 Resource'}, 'body': b'', 'auth_path': '/usvisa-model200/', 'url': 'https://usvisa-model200.s3.amazonaws.com/?prefix=model.pkl&encoding-type=url', 'context': {'client_region': 'us-east-1', 'client_config': <botocore.config.Config object at 0x000001C676D00EB0>, 'has_streaming_input': False, 'auth_type': 'v4', 'unsigned_payload': None, 'encoding_type_auto_set': True, 's3_redirect': {'redirected': False, 'bucket': 'usvisa-model200', 'params': {'Bucket': 'usvisa-model200', 'Prefix': 'model.pkl', 'EncodingType': 'url'}}, 'input_params': {'Bucket': 'usvisa-model200', 'Prefix': 'model.pkl'}, 'signing': {'region': 'us-east-1', 'signing_name': 's3', 'disableDoubleEncoding': True}, 'endpoint_properties': {'authSchemes': [{'disableDoubleEncoding': True, 'name': 'sigv4', 'signingName': 's3', 'signingRegion': 'us-east-1'}]}}}
[ 2024-10-29 07:25:26,687 ] botocore.hooks - DEBUG - Event request-created.s3.ListObjects: calling handler <bound method RequestSigner.handler of <botocore.signers.RequestSigner object at 0x000001C676D00B50>>
[ 2024-10-29 07:25:26,687 ] botocore.hooks - DEBUG - Event choose-signer.s3.ListObjects: calling handler <bound method ClientCreator._default_s3_presign_to_sigv2 of <botocore.client.ClientCreator object at 0x000001C6762B60A0>>
[ 2024-10-29 07:25:26,687 ] botocore.hooks - DEBUG - Event choose-signer.s3.ListObjects: calling handler <function set_operation_specific_signer at 0x000001C66BE5DC10>
[ 2024-10-29 07:25:26,687 ] botocore.hooks - DEBUG - Event before-sign.s3.ListObjects: calling handler <function remove_arn_from_signing_path at 0x000001C66CE33F70>
[ 2024-10-29 07:25:26,687 ] botocore.hooks - DEBUG - Event before-sign.s3.ListObjects: calling handler <bound method S3ExpressIdentityResolver.resolve_s3express_identity of <botocore.utils.S3ExpressIdentityResolver object at 0x000001C676D57520>>
[ 2024-10-29 07:25:26,688 ] botocore.auth - DEBUG - Calculating signature using v4 auth.
[ 2024-10-29 07:25:26,688 ] botocore.auth - DEBUG - CanonicalRequest:
GET
/
encoding-type=url&prefix=model.pkl
host:usvisa-model200.s3.amazonaws.com
x-amz-content-sha256:e3b0c44298fc1c149afbf4c8996fb92427ae41e4649b934ca495991b7852b855
x-amz-date:20241029T142526Z

host;x-amz-content-sha256;x-amz-date
e3b0c44298fc1c149afbf4c8996fb92427ae41e4649b934ca495991b7852b855
[ 2024-10-29 07:25:26,688 ] botocore.auth - DEBUG - StringToSign:
AWS4-HMAC-SHA256
20241029T142526Z
20241029/us-east-1/s3/aws4_request
f1555b8e7413a90786998f3347a06849542405d2eef0f5cf743b1214015312a0
[ 2024-10-29 07:25:26,688 ] botocore.auth - DEBUG - Signature:
9722b6207aefcdd72b3e90ab41a73f5d0298998e08c1eb2815c8d6f750ea95fa
[ 2024-10-29 07:25:26,688 ] botocore.hooks - DEBUG - Event request-created.s3.ListObjects: calling handler <function add_retry_headers at 0x000001C66CE33DC0>
[ 2024-10-29 07:25:26,688 ] botocore.endpoint - DEBUG - Sending http request: <AWSPreparedRequest stream_output=False, method=GET, url=https://usvisa-model200.s3.amazonaws.com/?prefix=model.pkl&encoding-type=url, headers={'User-Agent': b'Boto3/1.35.49 md/Botocore#1.35.49 ua/2.0 os/windows#10 md/arch#amd64 lang/python#3.8.20 md/pyimpl#CPython cfg/retry-mode#legacy Botocore/1.35.49 Resource', 'X-Amz-Date': b'20241029T142526Z', 'X-Amz-Content-SHA256': b'e3b0c44298fc1c149afbf4c8996fb92427ae41e4649b934ca495991b7852b855', 'Authorization': b'AWS4-HMAC-SHA256 Credential=AKIAVRUVP5TPJYTLHJT4/20241029/us-east-1/s3/aws4_request, SignedHeaders=host;x-amz-content-sha256;x-amz-date, Signature=9722b6207aefcdd72b3e90ab41a73f5d0298998e08c1eb2815c8d6f750ea95fa', 'amz-sdk-invocation-id': b'2adf33b4-0e81-42fa-b19f-30637d70731a', 'amz-sdk-request': b'attempt=1'}>
[ 2024-10-29 07:25:26,689 ] botocore.httpsession - DEBUG - Certificate path: C:\Users\Personal\.conda\envs\us_visa\lib\site-packages\certifi\cacert.pem
[ 2024-10-29 07:25:26,689 ] urllib3.connectionpool - DEBUG - Starting new HTTPS connection (1): usvisa-model200.s3.amazonaws.com:443
[ 2024-10-29 07:25:29,088 ] urllib3.connectionpool - DEBUG - https://usvisa-model200.s3.amazonaws.com:443 "GET /?prefix=model.pkl&encoding-type=url HTTP/1.1" 200 None
[ 2024-10-29 07:25:29,090 ] botocore.hooks - DEBUG - Event before-parse.s3.ListObjects: calling handler <function _handle_200_error at 0x000001C66CE37310>
[ 2024-10-29 07:25:29,090 ] botocore.hooks - DEBUG - Event before-parse.s3.ListObjects: calling handler <function handle_expires_header at 0x000001C66CE37160>
[ 2024-10-29 07:25:29,091 ] botocore.parsers - DEBUG - Response headers: {'x-amz-id-2': 'Anr0nXW8aXigWGxF3DDuBufDoiqh2VZwNXqEVXvec+t0wY47VU6GIRks9JuHVDIdi9aUGVTRtSk=', 'x-amz-request-id': 'A3BBKB64Z9H8PEHY', 'Date': 'Tue, 29 Oct 2024 14:25:30 GMT', 'x-amz-bucket-region': 'us-east-1', 'Content-Type': 'application/xml', 'Transfer-Encoding': 'chunked', 'Server': 'AmazonS3'}
[ 2024-10-29 07:25:29,091 ] botocore.parsers - DEBUG - Response body:
b'<?xml version="1.0" encoding="UTF-8"?>\n<ListBucketResult xmlns="http://s3.amazonaws.com/doc/2006-03-01/"><Name>usvisa-model200</Name><Prefix>model.pkl</Prefix><Marker></Marker><MaxKeys>1000</MaxKeys><EncodingType>url</EncodingType><IsTruncated>false</IsTruncated><Contents><Key>model.pkl</Key><LastModified>2024-10-29T14:09:50.000Z</LastModified><ETag>&quot;68e5077d3be270bd262ee6ccae71cebb&quot;</ETag><Size>2749856</Size><Owner><ID>f592fe3ae1c9174170a6f545f017701f5cc2bce69060fc7855bf2e3da55472a6</ID><DisplayName>ibneshakeel34</DisplayName></Owner><StorageClass>STANDARD</StorageClass></Contents></ListBucketResult>'
[ 2024-10-29 07:25:29,095 ] botocore.hooks - DEBUG - Event needs-retry.s3.ListObjects: calling handler <function _update_status_code at 0x000001C66CE37430>
[ 2024-10-29 07:25:29,096 ] botocore.hooks - DEBUG - Event needs-retry.s3.ListObjects: calling handler <botocore.retryhandler.RetryHandler object at 0x000001C676D57400>
[ 2024-10-29 07:25:29,096 ] botocore.retryhandler - DEBUG - No retry needed.
[ 2024-10-29 07:25:29,096 ] botocore.hooks - DEBUG - Event needs-retry.s3.ListObjects: calling handler <bound method S3RegionRedirectorv2.redirect_from_error of <botocore.utils.S3RegionRedirectorv2 object at 0x000001C676D57460>>
[ 2024-10-29 07:25:29,098 ] botocore.hooks - DEBUG - Event after-call.s3.ListObjects: calling handler <function decode_list_object at 0x000001C66CE33310>
[ 2024-10-29 07:25:29,098 ] boto3.resources.factory - DEBUG - Loading s3:ObjectSummary
[ 2024-10-29 07:25:29,099 ] boto3.resources.model - DEBUG - Renaming ObjectSummary attribute key
[ 2024-10-29 07:25:29,100 ] botocore.hooks - DEBUG - Event creating-resource-class.s3.ObjectSummary: calling handler <function lazy_call.<locals>._handler at 0x000001C6762B3CA0>
[ 2024-10-29 07:25:29,101 ] root - INFO - Exited the get_file_object method of S3Operations class
[ 2024-10-29 07:25:29,102 ] root - INFO - Entered the read_object method of S3Operations class
[ 2024-10-29 07:25:29,102 ] root - INFO - Exited the read_object method of S3Operations class
[ 2024-10-29 07:25:29,102 ] boto3.resources.action - DEBUG - Calling s3:get_object with {'Bucket': 'usvisa-model200', 'Key': 'model.pkl'}
[ 2024-10-29 07:25:29,103 ] botocore.hooks - DEBUG - Event before-parameter-build.s3.GetObject: calling handler <function sse_md5 at 0x000001C66BE5F040>
[ 2024-10-29 07:25:29,103 ] botocore.hooks - DEBUG - Event before-parameter-build.s3.GetObject: calling handler <function validate_bucket_name at 0x000001C66BE5DF70>
[ 2024-10-29 07:25:29,103 ] botocore.hooks - DEBUG - Event before-parameter-build.s3.GetObject: calling handler <function remove_bucket_from_url_paths_from_model at 0x000001C66CE33E50>
[ 2024-10-29 07:25:29,104 ] botocore.hooks - DEBUG - Event before-parameter-build.s3.GetObject: calling handler <bound method S3RegionRedirectorv2.annotate_request_context of <botocore.utils.S3RegionRedirectorv2 object at 0x000001C676D57460>>
[ 2024-10-29 07:25:29,104 ] botocore.hooks - DEBUG - Event before-parameter-build.s3.GetObject: calling handler <bound method ClientCreator._inject_s3_input_parameters of <botocore.client.ClientCreator object at 0x000001C6762B60A0>>
[ 2024-10-29 07:25:29,104 ] botocore.hooks - DEBUG - Event before-parameter-build.s3.GetObject: calling handler <function generate_idempotent_uuid at 0x000001C66BE5DDC0>
[ 2024-10-29 07:25:29,105 ] botocore.hooks - DEBUG - Event before-endpoint-resolution.s3: calling handler <function customize_endpoint_resolver_builtins at 0x000001C66CE37040>
[ 2024-10-29 07:25:29,105 ] botocore.hooks - DEBUG - Event before-endpoint-resolution.s3: calling handler <bound method S3RegionRedirectorv2.redirect_from_cache of <botocore.utils.S3RegionRedirectorv2 object at 0x000001C676D57460>>
[ 2024-10-29 07:25:29,106 ] botocore.regions - DEBUG - Calling endpoint provider with parameters: {'Bucket': 'usvisa-model200', 'Region': 'us-east-1', 'UseFIPS': False, 'UseDualStack': False, 'ForcePathStyle': False, 'Accelerate': False, 'UseGlobalEndpoint': True, 'Key': 'model.pkl', 'DisableMultiRegionAccessPoints': False, 'UseArnRegion': True}
[ 2024-10-29 07:25:29,107 ] botocore.regions - DEBUG - Endpoint provider result: https://usvisa-model200.s3.amazonaws.com
[ 2024-10-29 07:25:29,107 ] botocore.regions - DEBUG - Selecting from endpoint provider's list of auth schemes: "sigv4". User selected auth scheme is: "None"
[ 2024-10-29 07:25:29,107 ] botocore.regions - DEBUG - Selected auth type "v4" as "v4" with signing context params: {'region': 'us-east-1', 'signing_name': 's3', 'disableDoubleEncoding': True}
[ 2024-10-29 07:25:29,108 ] botocore.hooks - DEBUG - Event before-call.s3.GetObject: calling handler <function add_expect_header at 0x000001C66BE5F310>
[ 2024-10-29 07:25:29,108 ] botocore.hooks - DEBUG - Event before-call.s3.GetObject: calling handler <bound method S3ExpressIdentityResolver.apply_signing_cache_key of <botocore.utils.S3ExpressIdentityResolver object at 0x000001C676D57520>>
[ 2024-10-29 07:25:29,109 ] botocore.hooks - DEBUG - Event before-call.s3.GetObject: calling handler <function add_recursion_detection_header at 0x000001C66BE5D9D0>
[ 2024-10-29 07:25:29,109 ] botocore.hooks - DEBUG - Event before-call.s3.GetObject: calling handler <function inject_api_version_header_if_needed at 0x000001C66CE33670>
[ 2024-10-29 07:25:29,109 ] botocore.endpoint - DEBUG - Making request for OperationModel(name=GetObject) with params: {'url_path': '/model.pkl', 'query_string': {}, 'method': 'GET', 'headers': {'User-Agent': 'Boto3/1.35.49 md/Botocore#1.35.49 ua/2.0 os/windows#10 md/arch#amd64 lang/python#3.8.20 md/pyimpl#CPython cfg/retry-mode#legacy Botocore/1.35.49 Resource'}, 'body': b'', 'auth_path': '/usvisa-model200/model.pkl', 'url': 'https://usvisa-model200.s3.amazonaws.com/model.pkl', 'context': {'client_region': 'us-east-1', 'client_config': <botocore.config.Config object at 0x000001C676D00EB0>, 'has_streaming_input': False, 'auth_type': 'v4', 'unsigned_payload': None, 's3_redirect': {'redirected': False, 'bucket': 'usvisa-model200', 'params': {'Bucket': 'usvisa-model200', 'Key': 'model.pkl'}}, 'input_params': {'Bucket': 'usvisa-model200', 'Key': 'model.pkl'}, 'signing': {'region': 'us-east-1', 'signing_name': 's3', 'disableDoubleEncoding': True}, 'endpoint_properties': {'authSchemes': [{'disableDoubleEncoding': True, 'name': 'sigv4', 'signingName': 's3', 'signingRegion': 'us-east-1'}]}}}
[ 2024-10-29 07:25:29,111 ] botocore.hooks - DEBUG - Event request-created.s3.GetObject: calling handler <bound method RequestSigner.handler of <botocore.signers.RequestSigner object at 0x000001C676D00B50>>
[ 2024-10-29 07:25:29,112 ] botocore.hooks - DEBUG - Event choose-signer.s3.GetObject: calling handler <bound method ClientCreator._default_s3_presign_to_sigv2 of <botocore.client.ClientCreator object at 0x000001C6762B60A0>>
[ 2024-10-29 07:25:29,112 ] botocore.hooks - DEBUG - Event choose-signer.s3.GetObject: calling handler <function set_operation_specific_signer at 0x000001C66BE5DC10>
[ 2024-10-29 07:25:29,112 ] botocore.hooks - DEBUG - Event before-sign.s3.GetObject: calling handler <function remove_arn_from_signing_path at 0x000001C66CE33F70>
[ 2024-10-29 07:25:29,112 ] botocore.hooks - DEBUG - Event before-sign.s3.GetObject: calling handler <bound method S3ExpressIdentityResolver.resolve_s3express_identity of <botocore.utils.S3ExpressIdentityResolver object at 0x000001C676D57520>>
[ 2024-10-29 07:25:29,113 ] botocore.auth - DEBUG - Calculating signature using v4 auth.
[ 2024-10-29 07:25:29,113 ] botocore.auth - DEBUG - CanonicalRequest:
GET
/model.pkl

host:usvisa-model200.s3.amazonaws.com
x-amz-content-sha256:e3b0c44298fc1c149afbf4c8996fb92427ae41e4649b934ca495991b7852b855
x-amz-date:20241029T142529Z

host;x-amz-content-sha256;x-amz-date
e3b0c44298fc1c149afbf4c8996fb92427ae41e4649b934ca495991b7852b855
[ 2024-10-29 07:25:29,113 ] botocore.auth - DEBUG - StringToSign:
AWS4-HMAC-SHA256
20241029T142529Z
20241029/us-east-1/s3/aws4_request
4f62dc1c4818167ffb2be2ece9518cbe2dab7d097cbffc64a9cc6467f2c0e467
[ 2024-10-29 07:25:29,114 ] botocore.auth - DEBUG - Signature:
921d82d127d26f3a2e11a8c4ab6e30cbbdebd03765ca35e2fbec8b1de9ab0679
[ 2024-10-29 07:25:29,114 ] botocore.hooks - DEBUG - Event request-created.s3.GetObject: calling handler <function add_retry_headers at 0x000001C66CE33DC0>
[ 2024-10-29 07:25:29,114 ] botocore.endpoint - DEBUG - Sending http request: <AWSPreparedRequest stream_output=True, method=GET, url=https://usvisa-model200.s3.amazonaws.com/model.pkl, headers={'User-Agent': b'Boto3/1.35.49 md/Botocore#1.35.49 ua/2.0 os/windows#10 md/arch#amd64 lang/python#3.8.20 md/pyimpl#CPython cfg/retry-mode#legacy Botocore/1.35.49 Resource', 'X-Amz-Date': b'20241029T142529Z', 'X-Amz-Content-SHA256': b'e3b0c44298fc1c149afbf4c8996fb92427ae41e4649b934ca495991b7852b855', 'Authorization': b'AWS4-HMAC-SHA256 Credential=AKIAVRUVP5TPJYTLHJT4/20241029/us-east-1/s3/aws4_request, SignedHeaders=host;x-amz-content-sha256;x-amz-date, Signature=921d82d127d26f3a2e11a8c4ab6e30cbbdebd03765ca35e2fbec8b1de9ab0679', 'amz-sdk-invocation-id': b'641016c9-c453-445c-8e00-b5d069f88f39', 'amz-sdk-request': b'attempt=1'}>
[ 2024-10-29 07:25:29,115 ] botocore.httpsession - DEBUG - Certificate path: C:\Users\Personal\.conda\envs\us_visa\lib\site-packages\certifi\cacert.pem
[ 2024-10-29 07:25:29,501 ] urllib3.connectionpool - DEBUG - https://usvisa-model200.s3.amazonaws.com:443 "GET /model.pkl HTTP/1.1" 200 2749856
[ 2024-10-29 07:25:29,502 ] botocore.hooks - DEBUG - Event before-parse.s3.GetObject: calling handler <function _handle_200_error at 0x000001C66CE37310>
[ 2024-10-29 07:25:29,502 ] botocore.hooks - DEBUG - Event before-parse.s3.GetObject: calling handler <function handle_expires_header at 0x000001C66CE37160>
[ 2024-10-29 07:25:29,503 ] botocore.parsers - DEBUG - Response headers: {'x-amz-id-2': 'CAVQ3oAVIivjCOdux2qoCBwRzmwUSwi+uaMNYJI0ep/LS9tUz73vCnp9II8nPyaw7jczELipR18=', 'x-amz-request-id': 'A3B3KWVFN9XX4DP4', 'Date': 'Tue, 29 Oct 2024 14:25:30 GMT', 'Last-Modified': 'Tue, 29 Oct 2024 14:09:50 GMT', 'ETag': '"68e5077d3be270bd262ee6ccae71cebb"', 'x-amz-server-side-encryption': 'AES256', 'Accept-Ranges': 'bytes', 'Content-Type': 'binary/octet-stream', 'Content-Length': '2749856', 'Server': 'AmazonS3'}
[ 2024-10-29 07:25:29,503 ] botocore.parsers - DEBUG - Response body:
<botocore.response.StreamingBody object at 0x000001C676E42880>
[ 2024-10-29 07:25:29,505 ] botocore.hooks - DEBUG - Event needs-retry.s3.GetObject: calling handler <function _update_status_code at 0x000001C66CE37430>
[ 2024-10-29 07:25:29,505 ] botocore.hooks - DEBUG - Event needs-retry.s3.GetObject: calling handler <botocore.retryhandler.RetryHandler object at 0x000001C676D57400>
[ 2024-10-29 07:25:29,505 ] botocore.retryhandler - DEBUG - No retry needed.
[ 2024-10-29 07:25:29,506 ] botocore.hooks - DEBUG - Event needs-retry.s3.GetObject: calling handler <bound method S3RegionRedirectorv2.redirect_from_error of <botocore.utils.S3RegionRedirectorv2 object at 0x000001C676D57460>>
[ 2024-10-29 07:25:29,506 ] boto3.resources.action - DEBUG - Response: {'ResponseMetadata': {'RequestId': 'A3B3KWVFN9XX4DP4', 'HostId': 'CAVQ3oAVIivjCOdux2qoCBwRzmwUSwi+uaMNYJI0ep/LS9tUz73vCnp9II8nPyaw7jczELipR18=', 'HTTPStatusCode': 200, 'HTTPHeaders': {'x-amz-id-2': 'CAVQ3oAVIivjCOdux2qoCBwRzmwUSwi+uaMNYJI0ep/LS9tUz73vCnp9II8nPyaw7jczELipR18=', 'x-amz-request-id': 'A3B3KWVFN9XX4DP4', 'date': 'Tue, 29 Oct 2024 14:25:30 GMT', 'last-modified': 'Tue, 29 Oct 2024 14:09:50 GMT', 'etag': '"68e5077d3be270bd262ee6ccae71cebb"', 'x-amz-server-side-encryption': 'AES256', 'accept-ranges': 'bytes', 'content-type': 'binary/octet-stream', 'content-length': '2749856', 'server': 'AmazonS3'}, 'RetryAttempts': 0}, 'AcceptRanges': 'bytes', 'LastModified': datetime.datetime(2024, 10, 29, 14, 9, 50, tzinfo=tzutc()), 'ContentLength': 2749856, 'ETag': '"68e5077d3be270bd262ee6ccae71cebb"', 'ContentType': 'binary/octet-stream', 'ServerSideEncryption': 'AES256', 'Metadata': {}, 'Body': <botocore.response.StreamingBody object at 0x000001C676E42880>}
[ 2024-10-29 07:25:41,569 ] root - INFO - Exited the load_model method of S3Operations class
[ 2024-10-29 07:25:41,570 ] root - INFO - Entered predict method of UTruckModel class
[ 2024-10-29 07:25:41,570 ] root - INFO - Using the trained model to get predictions
[ 2024-10-29 07:25:41,594 ] root - INFO - Used the trained model to get predictions
[ 2024-10-29 07:25:41,813 ] python_multipart.multipart - DEBUG - Calling on_field_start with no data
[ 2024-10-29 07:25:41,813 ] python_multipart.multipart - DEBUG - Calling on_field_name with data[0:9]
[ 2024-10-29 07:25:41,813 ] python_multipart.multipart - DEBUG - Calling on_field_data with data[10:14]
[ 2024-10-29 07:25:41,813 ] python_multipart.multipart - DEBUG - Calling on_field_end with no data
[ 2024-10-29 07:25:41,813 ] python_multipart.multipart - DEBUG - Calling on_field_start with no data
[ 2024-10-29 07:25:41,813 ] python_multipart.multipart - DEBUG - Calling on_field_name with data[15:36]
[ 2024-10-29 07:25:41,813 ] python_multipart.multipart - DEBUG - Calling on_field_data with data[37:47]
[ 2024-10-29 07:25:41,814 ] python_multipart.multipart - DEBUG - Calling on_field_end with no data
[ 2024-10-29 07:25:41,814 ] python_multipart.multipart - DEBUG - Calling on_field_start with no data
[ 2024-10-29 07:25:41,814 ] python_multipart.multipart - DEBUG - Calling on_field_name with data[48:66]
[ 2024-10-29 07:25:41,814 ] python_multipart.multipart - DEBUG - Calling on_field_data with data[67:68]
[ 2024-10-29 07:25:41,814 ] python_multipart.multipart - DEBUG - Calling on_field_end with no data
[ 2024-10-29 07:25:41,814 ] python_multipart.multipart - DEBUG - Calling on_field_start with no data
[ 2024-10-29 07:25:41,814 ] python_multipart.multipart - DEBUG - Calling on_field_name with data[69:90]
[ 2024-10-29 07:25:41,814 ] python_multipart.multipart - DEBUG - Calling on_field_data with data[91:92]
[ 2024-10-29 07:25:41,814 ] python_multipart.multipart - DEBUG - Calling on_field_end with no data
[ 2024-10-29 07:25:41,814 ] python_multipart.multipart - DEBUG - Calling on_field_start with no data
[ 2024-10-29 07:25:41,814 ] python_multipart.multipart - DEBUG - Calling on_field_name with data[93:108]
[ 2024-10-29 07:25:41,814 ] python_multipart.multipart - DEBUG - Calling on_field_data with data[109:114]
[ 2024-10-29 07:25:41,815 ] python_multipart.multipart - DEBUG - Calling on_field_end with no data
[ 2024-10-29 07:25:41,815 ] python_multipart.multipart - DEBUG - Calling on_field_start with no data
[ 2024-10-29 07:25:41,815 ] python_multipart.multipart - DEBUG - Calling on_field_name with data[115:135]
[ 2024-10-29 07:25:41,815 ] python_multipart.multipart - DEBUG - Calling on_field_data with data[136:140]
[ 2024-10-29 07:25:41,815 ] python_multipart.multipart - DEBUG - Calling on_field_end with no data
[ 2024-10-29 07:25:41,815 ] python_multipart.multipart - DEBUG - Calling on_field_start with no data
[ 2024-10-29 07:25:41,815 ] python_multipart.multipart - DEBUG - Calling on_field_name with data[141:156]
[ 2024-10-29 07:25:41,815 ] python_multipart.multipart - DEBUG - Calling on_field_data with data[157:160]
[ 2024-10-29 07:25:41,815 ] python_multipart.multipart - DEBUG - Calling on_field_end with no data
[ 2024-10-29 07:25:41,815 ] python_multipart.multipart - DEBUG - Calling on_field_start with no data
[ 2024-10-29 07:25:41,815 ] python_multipart.multipart - DEBUG - Calling on_field_name with data[161:173]
[ 2024-10-29 07:25:41,816 ] python_multipart.multipart - DEBUG - Calling on_field_data with data[174:178]
[ 2024-10-29 07:25:41,816 ] python_multipart.multipart - DEBUG - Calling on_field_end with no data
[ 2024-10-29 07:25:41,816 ] python_multipart.multipart - DEBUG - Calling on_field_start with no data
[ 2024-10-29 07:25:41,816 ] python_multipart.multipart - DEBUG - Calling on_field_name with data[179:197]
[ 2024-10-29 07:25:41,816 ] python_multipart.multipart - DEBUG - Calling on_field_data with data[198:199]
[ 2024-10-29 07:25:41,816 ] python_multipart.multipart - DEBUG - Calling on_field_end with no data
[ 2024-10-29 07:25:41,816 ] python_multipart.multipart - DEBUG - Calling on_field_start with no data
[ 2024-10-29 07:25:41,816 ] python_multipart.multipart - DEBUG - Calling on_field_name with data[200:211]
[ 2024-10-29 07:25:41,816 ] python_multipart.multipart - DEBUG - Calling on_field_data with data[212:214]
[ 2024-10-29 07:25:41,816 ] python_multipart.multipart - DEBUG - Calling on_field_end with no data
[ 2024-10-29 07:25:41,816 ] python_multipart.multipart - DEBUG - Calling on_end with no data
[ 2024-10-29 07:25:41,817 ] root - INFO - Entered get_usvisa_data_as_dict method as USvisaData class
[ 2024-10-29 07:25:41,817 ] root - INFO - Created usvisa data dict
[ 2024-10-29 07:25:41,817 ] root - INFO - Exited get_usvisa_data_as_dict method as USvisaData class
[ 2024-10-29 07:25:41,818 ] root - INFO - Entered predict method of USvisaClassifier class
[ 2024-10-29 07:25:41,818 ] root - INFO - Entered the load_model method of S3Operations class
[ 2024-10-29 07:25:41,818 ] root - INFO - Entered the get_file_object method of S3Operations class
[ 2024-10-29 07:25:41,818 ] root - INFO - Entered the get_bucket method of S3Operations class
[ 2024-10-29 07:25:41,818 ] boto3.resources.factory - DEBUG - Loading s3:Bucket
[ 2024-10-29 07:25:41,818 ] boto3.resources.model - DEBUG - Renaming Bucket attribute name
[ 2024-10-29 07:25:41,819 ] botocore.hooks - DEBUG - Event creating-resource-class.s3.Bucket: calling handler <function lazy_call.<locals>._handler at 0x000001C6762B3B80>
[ 2024-10-29 07:25:41,819 ] root - INFO - Exited the get_bucket method of S3Operations class
[ 2024-10-29 07:25:41,819 ] boto3.resources.collection - DEBUG - Calling paginated s3:list_objects with {'Bucket': 'usvisa-model200', 'Prefix': 'model.pkl'}
[ 2024-10-29 07:25:41,820 ] botocore.hooks - DEBUG - Event before-parameter-build.s3.ListObjects: calling handler <function set_list_objects_encoding_type_url at 0x000001C66CE33280>
[ 2024-10-29 07:25:41,820 ] botocore.hooks - DEBUG - Event before-parameter-build.s3.ListObjects: calling handler <function validate_bucket_name at 0x000001C66BE5DF70>
[ 2024-10-29 07:25:41,820 ] botocore.hooks - DEBUG - Event before-parameter-build.s3.ListObjects: calling handler <function remove_bucket_from_url_paths_from_model at 0x000001C66CE33E50>
[ 2024-10-29 07:25:41,820 ] botocore.hooks - DEBUG - Event before-parameter-build.s3.ListObjects: calling handler <bound method S3RegionRedirectorv2.annotate_request_context of <botocore.utils.S3RegionRedirectorv2 object at 0x000001C676D57460>>
[ 2024-10-29 07:25:41,820 ] botocore.hooks - DEBUG - Event before-parameter-build.s3.ListObjects: calling handler <bound method ClientCreator._inject_s3_input_parameters of <botocore.client.ClientCreator object at 0x000001C6762B60A0>>
[ 2024-10-29 07:25:41,820 ] botocore.hooks - DEBUG - Event before-parameter-build.s3.ListObjects: calling handler <function generate_idempotent_uuid at 0x000001C66BE5DDC0>
[ 2024-10-29 07:25:41,820 ] botocore.hooks - DEBUG - Event before-endpoint-resolution.s3: calling handler <function customize_endpoint_resolver_builtins at 0x000001C66CE37040>
[ 2024-10-29 07:25:41,820 ] botocore.hooks - DEBUG - Event before-endpoint-resolution.s3: calling handler <bound method S3RegionRedirectorv2.redirect_from_cache of <botocore.utils.S3RegionRedirectorv2 object at 0x000001C676D57460>>
[ 2024-10-29 07:25:41,821 ] botocore.regions - DEBUG - Calling endpoint provider with parameters: {'Bucket': 'usvisa-model200', 'Region': 'us-east-1', 'UseFIPS': False, 'UseDualStack': False, 'ForcePathStyle': False, 'Accelerate': False, 'UseGlobalEndpoint': True, 'Prefix': 'model.pkl', 'DisableMultiRegionAccessPoints': False, 'UseArnRegion': True}
[ 2024-10-29 07:25:41,821 ] botocore.regions - DEBUG - Endpoint provider result: https://usvisa-model200.s3.amazonaws.com
[ 2024-10-29 07:25:41,821 ] botocore.regions - DEBUG - Selecting from endpoint provider's list of auth schemes: "sigv4". User selected auth scheme is: "None"
[ 2024-10-29 07:25:41,821 ] botocore.regions - DEBUG - Selected auth type "v4" as "v4" with signing context params: {'region': 'us-east-1', 'signing_name': 's3', 'disableDoubleEncoding': True}
[ 2024-10-29 07:25:41,821 ] botocore.hooks - DEBUG - Event before-call.s3.ListObjects: calling handler <function add_expect_header at 0x000001C66BE5F310>
[ 2024-10-29 07:25:41,821 ] botocore.hooks - DEBUG - Event before-call.s3.ListObjects: calling handler <bound method S3ExpressIdentityResolver.apply_signing_cache_key of <botocore.utils.S3ExpressIdentityResolver object at 0x000001C676D57520>>
[ 2024-10-29 07:25:41,821 ] botocore.hooks - DEBUG - Event before-call.s3.ListObjects: calling handler <function add_recursion_detection_header at 0x000001C66BE5D9D0>
[ 2024-10-29 07:25:41,821 ] botocore.hooks - DEBUG - Event before-call.s3.ListObjects: calling handler <function inject_api_version_header_if_needed at 0x000001C66CE33670>
[ 2024-10-29 07:25:41,822 ] botocore.endpoint - DEBUG - Making request for OperationModel(name=ListObjects) with params: {'url_path': '', 'query_string': {'prefix': 'model.pkl', 'encoding-type': 'url'}, 'method': 'GET', 'headers': {'User-Agent': 'Boto3/1.35.49 md/Botocore#1.35.49 ua/2.0 os/windows#10 md/arch#amd64 lang/python#3.8.20 md/pyimpl#CPython cfg/retry-mode#legacy Botocore/1.35.49 Resource'}, 'body': b'', 'auth_path': '/usvisa-model200/', 'url': 'https://usvisa-model200.s3.amazonaws.com/?prefix=model.pkl&encoding-type=url', 'context': {'client_region': 'us-east-1', 'client_config': <botocore.config.Config object at 0x000001C676D00EB0>, 'has_streaming_input': False, 'auth_type': 'v4', 'unsigned_payload': None, 'encoding_type_auto_set': True, 's3_redirect': {'redirected': False, 'bucket': 'usvisa-model200', 'params': {'Bucket': 'usvisa-model200', 'Prefix': 'model.pkl', 'EncodingType': 'url'}}, 'input_params': {'Bucket': 'usvisa-model200', 'Prefix': 'model.pkl'}, 'signing': {'region': 'us-east-1', 'signing_name': 's3', 'disableDoubleEncoding': True}, 'endpoint_properties': {'authSchemes': [{'disableDoubleEncoding': True, 'name': 'sigv4', 'signingName': 's3', 'signingRegion': 'us-east-1'}]}}}
[ 2024-10-29 07:25:41,822 ] botocore.hooks - DEBUG - Event request-created.s3.ListObjects: calling handler <bound method RequestSigner.handler of <botocore.signers.RequestSigner object at 0x000001C676D00B50>>
[ 2024-10-29 07:25:41,822 ] botocore.hooks - DEBUG - Event choose-signer.s3.ListObjects: calling handler <bound method ClientCreator._default_s3_presign_to_sigv2 of <botocore.client.ClientCreator object at 0x000001C6762B60A0>>
[ 2024-10-29 07:25:41,822 ] botocore.hooks - DEBUG - Event choose-signer.s3.ListObjects: calling handler <function set_operation_specific_signer at 0x000001C66BE5DC10>
[ 2024-10-29 07:25:41,822 ] botocore.hooks - DEBUG - Event before-sign.s3.ListObjects: calling handler <function remove_arn_from_signing_path at 0x000001C66CE33F70>
[ 2024-10-29 07:25:41,822 ] botocore.hooks - DEBUG - Event before-sign.s3.ListObjects: calling handler <bound method S3ExpressIdentityResolver.resolve_s3express_identity of <botocore.utils.S3ExpressIdentityResolver object at 0x000001C676D57520>>
[ 2024-10-29 07:25:41,822 ] botocore.auth - DEBUG - Calculating signature using v4 auth.
[ 2024-10-29 07:25:41,823 ] botocore.auth - DEBUG - CanonicalRequest:
GET
/
encoding-type=url&prefix=model.pkl
host:usvisa-model200.s3.amazonaws.com
x-amz-content-sha256:e3b0c44298fc1c149afbf4c8996fb92427ae41e4649b934ca495991b7852b855
x-amz-date:20241029T142541Z

host;x-amz-content-sha256;x-amz-date
e3b0c44298fc1c149afbf4c8996fb92427ae41e4649b934ca495991b7852b855
[ 2024-10-29 07:25:41,823 ] botocore.auth - DEBUG - StringToSign:
AWS4-HMAC-SHA256
20241029T142541Z
20241029/us-east-1/s3/aws4_request
6b0d69e5c76b723d7a23df04280e74674f6402b4433e122bfac54ca77f4ca30d
[ 2024-10-29 07:25:41,823 ] botocore.auth - DEBUG - Signature:
71607716fd67fa4d23ac64b62c62a909da0550e1982593546202ca821186fb83
[ 2024-10-29 07:25:41,823 ] botocore.hooks - DEBUG - Event request-created.s3.ListObjects: calling handler <function add_retry_headers at 0x000001C66CE33DC0>
[ 2024-10-29 07:25:41,823 ] botocore.endpoint - DEBUG - Sending http request: <AWSPreparedRequest stream_output=False, method=GET, url=https://usvisa-model200.s3.amazonaws.com/?prefix=model.pkl&encoding-type=url, headers={'User-Agent': b'Boto3/1.35.49 md/Botocore#1.35.49 ua/2.0 os/windows#10 md/arch#amd64 lang/python#3.8.20 md/pyimpl#CPython cfg/retry-mode#legacy Botocore/1.35.49 Resource', 'X-Amz-Date': b'20241029T142541Z', 'X-Amz-Content-SHA256': b'e3b0c44298fc1c149afbf4c8996fb92427ae41e4649b934ca495991b7852b855', 'Authorization': b'AWS4-HMAC-SHA256 Credential=AKIAVRUVP5TPJYTLHJT4/20241029/us-east-1/s3/aws4_request, SignedHeaders=host;x-amz-content-sha256;x-amz-date, Signature=71607716fd67fa4d23ac64b62c62a909da0550e1982593546202ca821186fb83', 'amz-sdk-invocation-id': b'caf3408a-2cd5-4502-9208-e6071e59fbb8', 'amz-sdk-request': b'attempt=1'}>
[ 2024-10-29 07:25:41,824 ] botocore.httpsession - DEBUG - Certificate path: C:\Users\Personal\.conda\envs\us_visa\lib\site-packages\certifi\cacert.pem
[ 2024-10-29 07:25:42,036 ] urllib3.connectionpool - DEBUG - https://usvisa-model200.s3.amazonaws.com:443 "GET /?prefix=model.pkl&encoding-type=url HTTP/1.1" 200 None
[ 2024-10-29 07:25:42,037 ] botocore.hooks - DEBUG - Event before-parse.s3.ListObjects: calling handler <function _handle_200_error at 0x000001C66CE37310>
[ 2024-10-29 07:25:42,037 ] botocore.hooks - DEBUG - Event before-parse.s3.ListObjects: calling handler <function handle_expires_header at 0x000001C66CE37160>
[ 2024-10-29 07:25:42,037 ] botocore.parsers - DEBUG - Response headers: {'x-amz-id-2': 'dbImsCaFglHrjLOUXeZI4cohnJ+arcfrm1c37lRYW5kS76RuCpovmZzcy0jc7MqIIPUKLUAMpJM=', 'x-amz-request-id': '9228ENWDQY87AV4P', 'Date': 'Tue, 29 Oct 2024 14:25:43 GMT', 'x-amz-bucket-region': 'us-east-1', 'Content-Type': 'application/xml', 'Transfer-Encoding': 'chunked', 'Server': 'AmazonS3'}
[ 2024-10-29 07:25:42,037 ] botocore.parsers - DEBUG - Response body:
b'<?xml version="1.0" encoding="UTF-8"?>\n<ListBucketResult xmlns="http://s3.amazonaws.com/doc/2006-03-01/"><Name>usvisa-model200</Name><Prefix>model.pkl</Prefix><Marker></Marker><MaxKeys>1000</MaxKeys><EncodingType>url</EncodingType><IsTruncated>false</IsTruncated><Contents><Key>model.pkl</Key><LastModified>2024-10-29T14:09:50.000Z</LastModified><ETag>&quot;68e5077d3be270bd262ee6ccae71cebb&quot;</ETag><Size>2749856</Size><Owner><ID>f592fe3ae1c9174170a6f545f017701f5cc2bce69060fc7855bf2e3da55472a6</ID><DisplayName>ibneshakeel34</DisplayName></Owner><StorageClass>STANDARD</StorageClass></Contents></ListBucketResult>'
[ 2024-10-29 07:25:42,038 ] botocore.hooks - DEBUG - Event needs-retry.s3.ListObjects: calling handler <function _update_status_code at 0x000001C66CE37430>
[ 2024-10-29 07:25:42,038 ] botocore.hooks - DEBUG - Event needs-retry.s3.ListObjects: calling handler <botocore.retryhandler.RetryHandler object at 0x000001C676D57400>
[ 2024-10-29 07:25:42,038 ] botocore.retryhandler - DEBUG - No retry needed.
[ 2024-10-29 07:25:42,038 ] botocore.hooks - DEBUG - Event needs-retry.s3.ListObjects: calling handler <bound method S3RegionRedirectorv2.redirect_from_error of <botocore.utils.S3RegionRedirectorv2 object at 0x000001C676D57460>>
[ 2024-10-29 07:25:42,038 ] botocore.hooks - DEBUG - Event after-call.s3.ListObjects: calling handler <function decode_list_object at 0x000001C66CE33310>
[ 2024-10-29 07:25:42,038 ] boto3.resources.factory - DEBUG - Loading s3:ObjectSummary
[ 2024-10-29 07:25:42,039 ] boto3.resources.model - DEBUG - Renaming ObjectSummary attribute key
[ 2024-10-29 07:25:42,039 ] botocore.hooks - DEBUG - Event creating-resource-class.s3.ObjectSummary: calling handler <function lazy_call.<locals>._handler at 0x000001C6762B3CA0>
[ 2024-10-29 07:25:42,039 ] root - INFO - Exited the get_file_object method of S3Operations class
[ 2024-10-29 07:25:42,039 ] root - INFO - Entered the read_object method of S3Operations class
[ 2024-10-29 07:25:42,039 ] root - INFO - Exited the read_object method of S3Operations class
[ 2024-10-29 07:25:42,040 ] boto3.resources.action - DEBUG - Calling s3:get_object with {'Bucket': 'usvisa-model200', 'Key': 'model.pkl'}
[ 2024-10-29 07:25:42,040 ] botocore.hooks - DEBUG - Event before-parameter-build.s3.GetObject: calling handler <function sse_md5 at 0x000001C66BE5F040>
[ 2024-10-29 07:25:42,040 ] botocore.hooks - DEBUG - Event before-parameter-build.s3.GetObject: calling handler <function validate_bucket_name at 0x000001C66BE5DF70>
[ 2024-10-29 07:25:42,040 ] botocore.hooks - DEBUG - Event before-parameter-build.s3.GetObject: calling handler <function remove_bucket_from_url_paths_from_model at 0x000001C66CE33E50>
[ 2024-10-29 07:25:42,040 ] botocore.hooks - DEBUG - Event before-parameter-build.s3.GetObject: calling handler <bound method S3RegionRedirectorv2.annotate_request_context of <botocore.utils.S3RegionRedirectorv2 object at 0x000001C676D57460>>
[ 2024-10-29 07:25:42,040 ] botocore.hooks - DEBUG - Event before-parameter-build.s3.GetObject: calling handler <bound method ClientCreator._inject_s3_input_parameters of <botocore.client.ClientCreator object at 0x000001C6762B60A0>>
[ 2024-10-29 07:25:42,040 ] botocore.hooks - DEBUG - Event before-parameter-build.s3.GetObject: calling handler <function generate_idempotent_uuid at 0x000001C66BE5DDC0>
[ 2024-10-29 07:25:42,040 ] botocore.hooks - DEBUG - Event before-endpoint-resolution.s3: calling handler <function customize_endpoint_resolver_builtins at 0x000001C66CE37040>
[ 2024-10-29 07:25:42,040 ] botocore.hooks - DEBUG - Event before-endpoint-resolution.s3: calling handler <bound method S3RegionRedirectorv2.redirect_from_cache of <botocore.utils.S3RegionRedirectorv2 object at 0x000001C676D57460>>
[ 2024-10-29 07:25:42,040 ] botocore.regions - DEBUG - Calling endpoint provider with parameters: {'Bucket': 'usvisa-model200', 'Region': 'us-east-1', 'UseFIPS': False, 'UseDualStack': False, 'ForcePathStyle': False, 'Accelerate': False, 'UseGlobalEndpoint': True, 'Key': 'model.pkl', 'DisableMultiRegionAccessPoints': False, 'UseArnRegion': True}
[ 2024-10-29 07:25:42,042 ] botocore.regions - DEBUG - Endpoint provider result: https://usvisa-model200.s3.amazonaws.com
[ 2024-10-29 07:25:42,042 ] botocore.regions - DEBUG - Selecting from endpoint provider's list of auth schemes: "sigv4". User selected auth scheme is: "None"
[ 2024-10-29 07:25:42,042 ] botocore.regions - DEBUG - Selected auth type "v4" as "v4" with signing context params: {'region': 'us-east-1', 'signing_name': 's3', 'disableDoubleEncoding': True}
[ 2024-10-29 07:25:42,042 ] botocore.hooks - DEBUG - Event before-call.s3.GetObject: calling handler <function add_expect_header at 0x000001C66BE5F310>
[ 2024-10-29 07:25:42,042 ] botocore.hooks - DEBUG - Event before-call.s3.GetObject: calling handler <bound method S3ExpressIdentityResolver.apply_signing_cache_key of <botocore.utils.S3ExpressIdentityResolver object at 0x000001C676D57520>>
[ 2024-10-29 07:25:42,042 ] botocore.hooks - DEBUG - Event before-call.s3.GetObject: calling handler <function add_recursion_detection_header at 0x000001C66BE5D9D0>
[ 2024-10-29 07:25:42,042 ] botocore.hooks - DEBUG - Event before-call.s3.GetObject: calling handler <function inject_api_version_header_if_needed at 0x000001C66CE33670>
[ 2024-10-29 07:25:42,042 ] botocore.endpoint - DEBUG - Making request for OperationModel(name=GetObject) with params: {'url_path': '/model.pkl', 'query_string': {}, 'method': 'GET', 'headers': {'User-Agent': 'Boto3/1.35.49 md/Botocore#1.35.49 ua/2.0 os/windows#10 md/arch#amd64 lang/python#3.8.20 md/pyimpl#CPython cfg/retry-mode#legacy Botocore/1.35.49 Resource'}, 'body': b'', 'auth_path': '/usvisa-model200/model.pkl', 'url': 'https://usvisa-model200.s3.amazonaws.com/model.pkl', 'context': {'client_region': 'us-east-1', 'client_config': <botocore.config.Config object at 0x000001C676D00EB0>, 'has_streaming_input': False, 'auth_type': 'v4', 'unsigned_payload': None, 's3_redirect': {'redirected': False, 'bucket': 'usvisa-model200', 'params': {'Bucket': 'usvisa-model200', 'Key': 'model.pkl'}}, 'input_params': {'Bucket': 'usvisa-model200', 'Key': 'model.pkl'}, 'signing': {'region': 'us-east-1', 'signing_name': 's3', 'disableDoubleEncoding': True}, 'endpoint_properties': {'authSchemes': [{'disableDoubleEncoding': True, 'name': 'sigv4', 'signingName': 's3', 'signingRegion': 'us-east-1'}]}}}
[ 2024-10-29 07:25:42,043 ] botocore.hooks - DEBUG - Event request-created.s3.GetObject: calling handler <bound method RequestSigner.handler of <botocore.signers.RequestSigner object at 0x000001C676D00B50>>
[ 2024-10-29 07:25:42,043 ] botocore.hooks - DEBUG - Event choose-signer.s3.GetObject: calling handler <bound method ClientCreator._default_s3_presign_to_sigv2 of <botocore.client.ClientCreator object at 0x000001C6762B60A0>>
[ 2024-10-29 07:25:42,043 ] botocore.hooks - DEBUG - Event choose-signer.s3.GetObject: calling handler <function set_operation_specific_signer at 0x000001C66BE5DC10>
[ 2024-10-29 07:25:42,043 ] botocore.hooks - DEBUG - Event before-sign.s3.GetObject: calling handler <function remove_arn_from_signing_path at 0x000001C66CE33F70>
[ 2024-10-29 07:25:42,043 ] botocore.hooks - DEBUG - Event before-sign.s3.GetObject: calling handler <bound method S3ExpressIdentityResolver.resolve_s3express_identity of <botocore.utils.S3ExpressIdentityResolver object at 0x000001C676D57520>>
[ 2024-10-29 07:25:42,043 ] botocore.auth - DEBUG - Calculating signature using v4 auth.
[ 2024-10-29 07:25:42,044 ] botocore.auth - DEBUG - CanonicalRequest:
GET
/model.pkl

host:usvisa-model200.s3.amazonaws.com
x-amz-content-sha256:e3b0c44298fc1c149afbf4c8996fb92427ae41e4649b934ca495991b7852b855
x-amz-date:20241029T142542Z

host;x-amz-content-sha256;x-amz-date
e3b0c44298fc1c149afbf4c8996fb92427ae41e4649b934ca495991b7852b855
[ 2024-10-29 07:25:42,044 ] botocore.auth - DEBUG - StringToSign:
AWS4-HMAC-SHA256
20241029T142542Z
20241029/us-east-1/s3/aws4_request
1956ee68f4ec1d1dde070cea6530db333bdc077e876ff2f1f6adfb9d6153bc41
[ 2024-10-29 07:25:42,044 ] botocore.auth - DEBUG - Signature:
616b2200c3fbde995c8cc9e46a85dab4d15287c8ed3ad4aef969761d40f18da4
[ 2024-10-29 07:25:42,044 ] botocore.hooks - DEBUG - Event request-created.s3.GetObject: calling handler <function add_retry_headers at 0x000001C66CE33DC0>
[ 2024-10-29 07:25:42,044 ] botocore.endpoint - DEBUG - Sending http request: <AWSPreparedRequest stream_output=True, method=GET, url=https://usvisa-model200.s3.amazonaws.com/model.pkl, headers={'User-Agent': b'Boto3/1.35.49 md/Botocore#1.35.49 ua/2.0 os/windows#10 md/arch#amd64 lang/python#3.8.20 md/pyimpl#CPython cfg/retry-mode#legacy Botocore/1.35.49 Resource', 'X-Amz-Date': b'20241029T142542Z', 'X-Amz-Content-SHA256': b'e3b0c44298fc1c149afbf4c8996fb92427ae41e4649b934ca495991b7852b855', 'Authorization': b'AWS4-HMAC-SHA256 Credential=AKIAVRUVP5TPJYTLHJT4/20241029/us-east-1/s3/aws4_request, SignedHeaders=host;x-amz-content-sha256;x-amz-date, Signature=616b2200c3fbde995c8cc9e46a85dab4d15287c8ed3ad4aef969761d40f18da4', 'amz-sdk-invocation-id': b'32879940-7555-4241-8ae8-2b0cff25d80c', 'amz-sdk-request': b'attempt=1'}>
[ 2024-10-29 07:25:42,044 ] botocore.httpsession - DEBUG - Certificate path: C:\Users\Personal\.conda\envs\us_visa\lib\site-packages\certifi\cacert.pem
[ 2024-10-29 07:25:42,311 ] urllib3.connectionpool - DEBUG - https://usvisa-model200.s3.amazonaws.com:443 "GET /model.pkl HTTP/1.1" 200 2749856
[ 2024-10-29 07:25:42,312 ] botocore.hooks - DEBUG - Event before-parse.s3.GetObject: calling handler <function _handle_200_error at 0x000001C66CE37310>
[ 2024-10-29 07:25:42,312 ] botocore.hooks - DEBUG - Event before-parse.s3.GetObject: calling handler <function handle_expires_header at 0x000001C66CE37160>
[ 2024-10-29 07:25:42,312 ] botocore.parsers - DEBUG - Response headers: {'x-amz-id-2': 'S4tu4iE8U0aSmBdKfjNehzzf/gRyZCkrvmlC4k8nfKSFZeX6wwGulzBOFcOz2kGza9tRm6nE76g=', 'x-amz-request-id': '922F7PVAWZM8P9JM', 'Date': 'Tue, 29 Oct 2024 14:25:43 GMT', 'Last-Modified': 'Tue, 29 Oct 2024 14:09:50 GMT', 'ETag': '"68e5077d3be270bd262ee6ccae71cebb"', 'x-amz-server-side-encryption': 'AES256', 'Accept-Ranges': 'bytes', 'Content-Type': 'binary/octet-stream', 'Content-Length': '2749856', 'Server': 'AmazonS3'}
[ 2024-10-29 07:25:42,312 ] botocore.parsers - DEBUG - Response body:
<botocore.response.StreamingBody object at 0x000001C676ECF580>
[ 2024-10-29 07:25:42,313 ] botocore.hooks - DEBUG - Event needs-retry.s3.GetObject: calling handler <function _update_status_code at 0x000001C66CE37430>
[ 2024-10-29 07:25:42,313 ] botocore.hooks - DEBUG - Event needs-retry.s3.GetObject: calling handler <botocore.retryhandler.RetryHandler object at 0x000001C676D57400>
[ 2024-10-29 07:25:42,313 ] botocore.retryhandler - DEBUG - No retry needed.
[ 2024-10-29 07:25:42,313 ] botocore.hooks - DEBUG - Event needs-retry.s3.GetObject: calling handler <bound method S3RegionRedirectorv2.redirect_from_error of <botocore.utils.S3RegionRedirectorv2 object at 0x000001C676D57460>>
[ 2024-10-29 07:25:42,313 ] boto3.resources.action - DEBUG - Response: {'ResponseMetadata': {'RequestId': '922F7PVAWZM8P9JM', 'HostId': 'S4tu4iE8U0aSmBdKfjNehzzf/gRyZCkrvmlC4k8nfKSFZeX6wwGulzBOFcOz2kGza9tRm6nE76g=', 'HTTPStatusCode': 200, 'HTTPHeaders': {'x-amz-id-2': 'S4tu4iE8U0aSmBdKfjNehzzf/gRyZCkrvmlC4k8nfKSFZeX6wwGulzBOFcOz2kGza9tRm6nE76g=', 'x-amz-request-id': '922F7PVAWZM8P9JM', 'date': 'Tue, 29 Oct 2024 14:25:43 GMT', 'last-modified': 'Tue, 29 Oct 2024 14:09:50 GMT', 'etag': '"68e5077d3be270bd262ee6ccae71cebb"', 'x-amz-server-side-encryption': 'AES256', 'accept-ranges': 'bytes', 'content-type': 'binary/octet-stream', 'content-length': '2749856', 'server': 'AmazonS3'}, 'RetryAttempts': 0}, 'AcceptRanges': 'bytes', 'LastModified': datetime.datetime(2024, 10, 29, 14, 9, 50, tzinfo=tzutc()), 'ContentLength': 2749856, 'ETag': '"68e5077d3be270bd262ee6ccae71cebb"', 'ContentType': 'binary/octet-stream', 'ServerSideEncryption': 'AES256', 'Metadata': {}, 'Body': <botocore.response.StreamingBody object at 0x000001C676ECF580>}
[ 2024-10-29 07:25:48,317 ] root - INFO - Exited the load_model method of S3Operations class
[ 2024-10-29 07:25:48,318 ] root - INFO - Entered predict method of UTruckModel class
[ 2024-10-29 07:25:48,318 ] root - INFO - Using the trained model to get predictions
[ 2024-10-29 07:25:48,327 ] root - INFO - Used the trained model to get predictions
